{
  "stats": {
    "suites": 1,
    "tests": 7,
    "passes": 0,
    "pending": 0,
    "failures": 7,
    "start": "2025-07-29T23:48:05.716Z",
    "end": "2025-07-29T23:49:14.373Z",
    "duration": 68657,
    "testsRegistered": 7,
    "passPercent": 0,
    "pendingPercent": 0,
    "other": 0,
    "hasOther": false,
    "skipped": 0,
    "hasSkipped": false
  },
  "results": [
    {
      "uuid": "85549fb8-38f9-4b66-8b77-8e67494e78f2",
      "title": "",
      "fullFile": "cypress\\e2e\\home.spec.cy.js",
      "file": "cypress\\e2e\\home.spec.cy.js",
      "beforeHooks": [],
      "afterHooks": [],
      "tests": [],
      "suites": [
        {
          "uuid": "81420bfa-b851-461a-87b6-b00bbf849315",
          "title": "HOME – Ticketazo",
          "fullFile": "",
          "file": "",
          "beforeHooks": [],
          "afterHooks": [],
          "tests": [
            {
              "title": "TC-HOME-01 | Header y logo",
              "fullTitle": "HOME – Ticketazo TC-HOME-01 | Header y logo",
              "timedOut": null,
              "duration": 2103,
              "state": "failed",
              "speed": null,
              "pass": false,
              "fail": true,
              "pending": false,
              "context": null,
              "code": "cy.get('nav').should('be.visible').within(() => {\n  // Cualquiera que sea el alt del logo, basta que haya una imagen\n  cy.get('img').should('be.visible');\n  cy.contains('Mis entradas').should('exist');\n  cy.contains(/Cargar Evento/i).should('exist');\n  cy.contains(/Logout|Salir/i).should('exist');\n});",
              "err": {
                "message": "CypressError: `cy.within()` can only be called on a single element. Your subject contained 3 elements. Narrow down your subject to a single element (using `.first()`, for example) before calling `.within()`.\n\nTo run `.within()` over multiple subjects, use `.each()`.\n\n  `cy.get('div').each($div => {`\n  `  cy.wrap($div).within(() => { ... })`\n  `})`\n\nhttps://on.cypress.io/within",
                "estack": "CypressError: `cy.within()` can only be called on a single element. Your subject contained 3 elements. Narrow down your subject to a single element (using `.first()`, for example) before calling `.within()`.\n\nTo run `.within()` over multiple subjects, use `.each()`.\n\n  `cy.get('div').each($div => {`\n  `  cy.wrap($div).within(() => { ... })`\n  `})`\n\nhttps://on.cypress.io/within\n    at <unknown> (https://vps-3696213-x.dattaweb.com/__cypress/runner/cypress_runner.js:135954:72)\n    at __WEBPACK_DEFAULT_EXPORT__ (https://vps-3696213-x.dattaweb.com/__cypress/runner/cypress_runner.js:133819:10)\n    at Context.within (https://vps-3696213-x.dattaweb.com/__cypress/runner/cypress_runner.js:135947:67)\n    at wrapped (https://vps-3696213-x.dattaweb.com/__cypress/runner/cypress_runner.js:141532:19)\n    at <unknown> (https://vps-3696213-x.dattaweb.com/__cypress/runner/cypress_runner.js:147477:15)\n    at tryCatcher (https://vps-3696213-x.dattaweb.com/__cypress/runner/cypress_runner.js:1777:23)\n    at Promise._settlePromiseFromHandler (https://vps-3696213-x.dattaweb.com/__cypress/runner/cypress_runner.js:1489:31)\n    at Promise._settlePromise (https://vps-3696213-x.dattaweb.com/__cypress/runner/cypress_runner.js:1546:18)\n    at Promise._settlePromiseCtx (https://vps-3696213-x.dattaweb.com/__cypress/runner/cypress_runner.js:1583:10)\n    at _drainQueueStep (https://vps-3696213-x.dattaweb.com/__cypress/runner/cypress_runner.js:2381:12)\n    at _drainQueue (https://vps-3696213-x.dattaweb.com/__cypress/runner/cypress_runner.js:2370:9)\n    at Async._drainQueues (https://vps-3696213-x.dattaweb.com/__cypress/runner/cypress_runner.js:2386:5)\n    at Async.drainQueues (https://vps-3696213-x.dattaweb.com/__cypress/runner/cypress_runner.js:2256:14)",
                "diff": null
              },
              "uuid": "b23529c5-a7f7-483d-af91-3a6b0f06e7b6",
              "parentUUID": "81420bfa-b851-461a-87b6-b00bbf849315",
              "isHook": false,
              "skipped": false
            },
            {
              "title": "TC-HOME-02 | Buscador por texto funciona",
              "fullTitle": "HOME – Ticketazo TC-HOME-02 | Buscador por texto funciona",
              "timedOut": null,
              "duration": 11180,
              "state": "failed",
              "speed": null,
              "pass": false,
              "fail": true,
              "pending": false,
              "context": null,
              "code": "// Asume que el primer input con placeholder es el buscador\ncy.get('input[placeholder]').first().clear().type('Test evento{enter}');\ncy.wait('@getEvents');\n// Verifica que el query param apareció\ncy.url().should('include', 'search=');\n// Y al menos una tarjeta muestra el término\ncy.contains('Test', {\n  matchCase: false\n});",
              "err": {
                "message": "AssertionError: Timed out retrying after 10000ms: expected 'https://vps-3696213-x.dattaweb.com/' to include 'search='",
                "estack": "AssertionError: Timed out retrying after 10000ms: expected 'https://vps-3696213-x.dattaweb.com/' to include 'search='\n    at Context.eval (webpack://grupo1_ticketazo/./cypress/e2e/home.spec.cy.js:35:13)",
                "diff": null
              },
              "uuid": "529578a1-1086-49de-8ce3-5e5d45f35b0a",
              "parentUUID": "81420bfa-b851-461a-87b6-b00bbf849315",
              "isHook": false,
              "skipped": false
            },
            {
              "title": "TC-HOME-03 | Filtrar por Categoría",
              "fullTitle": "HOME – Ticketazo TC-HOME-03 | Filtrar por Categoría",
              "timedOut": null,
              "duration": 10905,
              "state": "failed",
              "speed": null,
              "pass": false,
              "fail": true,
              "pending": false,
              "context": null,
              "code": "// Busca la etiqueta \"Categoría\" y desde ahí coge el select\ncy.contains('label', 'Categoría').parent().find('select').select('Concierto');\ncy.wait('@getEvents');\n// Comprueba en las tarjetas la categoría\ncy.contains('button', 'Ver evento').parents('body').find('button').contains('Ver evento').parents('[class*=\"card\"], .card, article').each($card => {\n  cy.wrap($card).contains('Concierto');\n});",
              "err": {
                "message": "AssertionError: Timed out retrying after 10000ms: Expected to find content: 'Categoría' within the selector: 'label' but never did.",
                "estack": "AssertionError: Timed out retrying after 10000ms: Expected to find content: 'Categoría' within the selector: 'label' but never did.\n    at Context.eval (webpack://grupo1_ticketazo/./cypress/e2e/home.spec.cy.js:42:7)",
                "diff": null
              },
              "uuid": "e06a3be3-c9f6-4768-a0d1-74145bde992a",
              "parentUUID": "81420bfa-b851-461a-87b6-b00bbf849315",
              "isHook": false,
              "skipped": false
            },
            {
              "title": "TC-HOME-04 | Filtrar por Fecha",
              "fullTitle": "HOME – Ticketazo TC-HOME-04 | Filtrar por Fecha",
              "timedOut": null,
              "duration": 10780,
              "state": "failed",
              "speed": null,
              "pass": false,
              "fail": true,
              "pending": false,
              "context": null,
              "code": "// Usa input[type=\"date\"] si es HTML5, o ajusta según tu markup\ncy.get('input[type=\"date\"]').first().clear().type('2025-06-01');\ncy.get('input[type=\"date\"]').eq(1).clear().type('2025-06-30{enter}');\ncy.wait('@getEvents');\ncy.contains('button', 'Ver evento').should('have.length.at.least', 1);",
              "err": {
                "message": "AssertionError: Timed out retrying after 10000ms: Expected to find element: `input[type=\"date\"]`, but never found it.",
                "estack": "AssertionError: Timed out retrying after 10000ms: Expected to find element: `input[type=\"date\"]`, but never found it.\n    at Context.eval (webpack://grupo1_ticketazo/./cypress/e2e/home.spec.cy.js:60:7)",
                "diff": null
              },
              "uuid": "629467d5-f130-416a-bf9b-2585dcfe5edf",
              "parentUUID": "81420bfa-b851-461a-87b6-b00bbf849315",
              "isHook": false,
              "skipped": false
            },
            {
              "title": "TC-HOME-05 | Filtrar por Provincia",
              "fullTitle": "HOME – Ticketazo TC-HOME-05 | Filtrar por Provincia",
              "timedOut": null,
              "duration": 10894,
              "state": "failed",
              "speed": null,
              "pass": false,
              "fail": true,
              "pending": false,
              "context": null,
              "code": "cy.contains('label', 'Provincia').parent().find('select').select('Córdoba');\ncy.wait('@getEvents');\ncy.contains('button', 'Ver evento').parents('[class*=\"card\"], .card, article').each($card => {\n  cy.wrap($card).contains('Córdoba');\n});",
              "err": {
                "message": "AssertionError: Timed out retrying after 10000ms: Expected to find content: 'Provincia' within the selector: 'label' but never did.",
                "estack": "AssertionError: Timed out retrying after 10000ms: Expected to find content: 'Provincia' within the selector: 'label' but never did.\n    at Context.eval (webpack://grupo1_ticketazo/./cypress/e2e/home.spec.cy.js:72:7)",
                "diff": null
              },
              "uuid": "7b229372-a7bd-4a98-9937-160510618a70",
              "parentUUID": "81420bfa-b851-461a-87b6-b00bbf849315",
              "isHook": false,
              "skipped": false
            },
            {
              "title": "TC-HOME-06 | Limpiar filtros",
              "fullTitle": "HOME – Ticketazo TC-HOME-06 | Limpiar filtros",
              "timedOut": null,
              "duration": 11193,
              "state": "failed",
              "speed": null,
              "pass": false,
              "fail": true,
              "pending": false,
              "context": null,
              "code": "// Aplica un filtro de prueba\ncy.get('input[placeholder]').first().type('algo{enter}');\ncy.contains('label', 'Categoría').parent().find('select').select('Teatro');\ncy.wait('@getEvents');\n// Limpia\ncy.contains('button', 'Limpiar filtros').click();\ncy.wait('@getEvents');\n// Verifica que los controles vuelvan a vacío/por defecto\ncy.get('input[placeholder]').first().should('have.value', '');\ncy.get('input[type=\"date\"]').each($i => {\n  cy.wrap($i).should('have.value', '');\n});\ncy.contains('label', 'Categoría').parent().find('select').should('contain.text', 'Todas');\ncy.contains('label', 'Provincia').parent().find('select').should('contain.text', 'Todas');\ncy.contains('button', 'Ver evento').should('have.length.greaterThan', 1);",
              "err": {
                "message": "AssertionError: Timed out retrying after 10000ms: Expected to find content: 'Categoría' within the selector: 'label' but never did.",
                "estack": "AssertionError: Timed out retrying after 10000ms: Expected to find content: 'Categoría' within the selector: 'label' but never did.\n    at Context.eval (webpack://grupo1_ticketazo/./cypress/e2e/home.spec.cy.js:87:7)",
                "diff": null
              },
              "uuid": "5e2ebd4d-acb9-44b8-8617-5909a303fa86",
              "parentUUID": "81420bfa-b851-461a-87b6-b00bbf849315",
              "isHook": false,
              "skipped": false
            },
            {
              "title": "TC-HOME-07 | Detalle de evento y sección de compra",
              "fullTitle": "HOME – Ticketazo TC-HOME-07 | Detalle de evento y sección de compra",
              "timedOut": null,
              "duration": 11165,
              "state": "failed",
              "speed": null,
              "pass": false,
              "fail": true,
              "pending": false,
              "context": null,
              "code": "cy.contains('button', 'Ver evento').first().click();\ncy.wait('@getEvents');\ncy.url().should('match', /\\/event\\/\\d+/);\ncy.contains('Comprar entrada').should('be.visible');\ncy.contains('Eventos similares').should('be.visible');",
              "err": {
                "message": "AssertionError: Timed out retrying after 10000ms: expected 'https://vps-3696213-x.dattaweb.com/' to match /\\/event\\/\\d+/",
                "estack": "AssertionError: Timed out retrying after 10000ms: expected 'https://vps-3696213-x.dattaweb.com/' to match /\\/event\\/\\d+/\n    at Context.eval (webpack://grupo1_ticketazo/./cypress/e2e/home.spec.cy.js:117:13)",
                "diff": null
              },
              "uuid": "d6eac7c8-8dd5-43e4-9703-5e2086296eec",
              "parentUUID": "81420bfa-b851-461a-87b6-b00bbf849315",
              "isHook": false,
              "skipped": false
            }
          ],
          "suites": [],
          "passes": [],
          "failures": [
            "b23529c5-a7f7-483d-af91-3a6b0f06e7b6",
            "529578a1-1086-49de-8ce3-5e5d45f35b0a",
            "e06a3be3-c9f6-4768-a0d1-74145bde992a",
            "629467d5-f130-416a-bf9b-2585dcfe5edf",
            "7b229372-a7bd-4a98-9937-160510618a70",
            "5e2ebd4d-acb9-44b8-8617-5909a303fa86",
            "d6eac7c8-8dd5-43e4-9703-5e2086296eec"
          ],
          "pending": [],
          "skipped": [],
          "duration": 68220,
          "root": false,
          "rootEmpty": false,
          "_timeout": 2000
        }
      ],
      "passes": [],
      "failures": [],
      "pending": [],
      "skipped": [],
      "duration": 0,
      "root": true,
      "rootEmpty": true,
      "_timeout": 2000
    }
  ],
  "meta": {
    "mocha": {
      "version": "7.2.0"
    },
    "mochawesome": {
      "options": {
        "quiet": false,
        "reportFilename": "mochawesome",
        "saveHtml": true,
        "saveJson": true,
        "consoleReporter": "spec",
        "useInlineDiffs": false,
        "code": true
      },
      "version": "6.3.1"
    },
    "marge": {
      "options": {
        "reportDir": "cypress/reports",
        "overwrite": false,
        "html": true,
        "json": true
      },
      "version": "5.2.0"
    }
  }
}