{
  "stats": {
    "suites": 1,
    "tests": 7,
    "passes": 0,
    "pending": 0,
    "failures": 7,
    "start": "2025-07-29T22:58:47.865Z",
    "end": "2025-07-29T22:59:56.163Z",
    "duration": 68298,
    "testsRegistered": 7,
    "passPercent": 0,
    "pendingPercent": 0,
    "other": 0,
    "hasOther": false,
    "skipped": 0,
    "hasSkipped": false
  },
  "results": [
    {
      "uuid": "c1ed2a5f-3b31-48df-96c8-3f0450d68deb",
      "title": "",
      "fullFile": "cypress\\e2e\\home.spec.cy.js",
      "file": "cypress\\e2e\\home.spec.cy.js",
      "beforeHooks": [],
      "afterHooks": [],
      "tests": [],
      "suites": [
        {
          "uuid": "ed674b5f-3d36-4a5d-a374-bf1f4a6fc796",
          "title": "HOME – Ticketazo",
          "fullFile": "",
          "file": "",
          "beforeHooks": [],
          "afterHooks": [],
          "tests": [
            {
              "title": "TC-HOME-01 | Header, logo y menú principal",
              "fullTitle": "HOME – Ticketazo TC-HOME-01 | Header, logo y menú principal",
              "timedOut": null,
              "duration": 1949,
              "state": "failed",
              "speed": null,
              "pass": false,
              "fail": true,
              "pending": false,
              "context": null,
              "code": "cy.get('nav').within(() => {\n  cy.get('img[alt=\"Ticketazo\"]').should('be.visible');\n  cy.contains('Mis entradas').should('exist');\n  cy.contains('Cargar Evento').should('exist');\n  cy.contains('Logout').should('exist');\n});",
              "err": {
                "message": "CypressError: `cy.within()` can only be called on a single element. Your subject contained 3 elements. Narrow down your subject to a single element (using `.first()`, for example) before calling `.within()`.\n\nTo run `.within()` over multiple subjects, use `.each()`.\n\n  `cy.get('div').each($div => {`\n  `  cy.wrap($div).within(() => { ... })`\n  `})`\n\nhttps://on.cypress.io/within",
                "estack": "CypressError: `cy.within()` can only be called on a single element. Your subject contained 3 elements. Narrow down your subject to a single element (using `.first()`, for example) before calling `.within()`.\n\nTo run `.within()` over multiple subjects, use `.each()`.\n\n  `cy.get('div').each($div => {`\n  `  cy.wrap($div).within(() => { ... })`\n  `})`\n\nhttps://on.cypress.io/within\n    at <unknown> (https://vps-3696213-x.dattaweb.com/__cypress/runner/cypress_runner.js:135954:72)\n    at __WEBPACK_DEFAULT_EXPORT__ (https://vps-3696213-x.dattaweb.com/__cypress/runner/cypress_runner.js:133819:10)\n    at Context.within (https://vps-3696213-x.dattaweb.com/__cypress/runner/cypress_runner.js:135947:67)\n    at wrapped (https://vps-3696213-x.dattaweb.com/__cypress/runner/cypress_runner.js:141532:19)\n    at <unknown> (https://vps-3696213-x.dattaweb.com/__cypress/runner/cypress_runner.js:147477:15)\n    at tryCatcher (https://vps-3696213-x.dattaweb.com/__cypress/runner/cypress_runner.js:1777:23)\n    at Promise._settlePromiseFromHandler (https://vps-3696213-x.dattaweb.com/__cypress/runner/cypress_runner.js:1489:31)\n    at Promise._settlePromise (https://vps-3696213-x.dattaweb.com/__cypress/runner/cypress_runner.js:1546:18)\n    at Promise._settlePromiseCtx (https://vps-3696213-x.dattaweb.com/__cypress/runner/cypress_runner.js:1583:10)\n    at _drainQueueStep (https://vps-3696213-x.dattaweb.com/__cypress/runner/cypress_runner.js:2381:12)\n    at _drainQueue (https://vps-3696213-x.dattaweb.com/__cypress/runner/cypress_runner.js:2370:9)\n    at Async._drainQueues (https://vps-3696213-x.dattaweb.com/__cypress/runner/cypress_runner.js:2386:5)\n    at Async.drainQueues (https://vps-3696213-x.dattaweb.com/__cypress/runner/cypress_runner.js:2256:14)",
                "diff": null
              },
              "uuid": "ea66abb1-9b26-4426-a5f3-b5bec0dc0176",
              "parentUUID": "ed674b5f-3d36-4a5d-a374-bf1f4a6fc796",
              "isHook": false,
              "skipped": false
            },
            {
              "title": "TC-HOME-02 | Buscador por texto funciona",
              "fullTitle": "HOME – Ticketazo TC-HOME-02 | Buscador por texto funciona",
              "timedOut": null,
              "duration": 11291,
              "state": "failed",
              "speed": null,
              "pass": false,
              "fail": true,
              "pending": false,
              "context": null,
              "code": "cy.get('input[placeholder*=\"Busca tu próxima\"]').as('search');\ncy.get('@search').clear().type('Test evento{enter}');\n// la URL debe incluir el query\ncy.url().should('include', 'search=Test%20evento');\n// las tarjetas resultantes contienen el texto\ncy.get('.event-card .event-title').each($t => cy.wrap($t).should('contain.text', 'Test evento'));",
              "err": {
                "message": "AssertionError: Timed out retrying after 10000ms: expected 'https://vps-3696213-x.dattaweb.com/' to include 'search=Test%20evento'",
                "estack": "AssertionError: Timed out retrying after 10000ms: expected 'https://vps-3696213-x.dattaweb.com/' to include 'search=Test%20evento'\n    at Context.eval (webpack://grupo1_ticketazo/./cypress/e2e/home.spec.cy.js:33:13)",
                "diff": null
              },
              "uuid": "a949ddad-b1ea-4bf2-b6ee-4f4ccb33f7b4",
              "parentUUID": "ed674b5f-3d36-4a5d-a374-bf1f4a6fc796",
              "isHook": false,
              "skipped": false
            },
            {
              "title": "TC-HOME-03 | Filtro por Categoría",
              "fullTitle": "HOME – Ticketazo TC-HOME-03 | Filtro por Categoría",
              "timedOut": null,
              "duration": 10901,
              "state": "failed",
              "speed": null,
              "pass": false,
              "fail": true,
              "pending": false,
              "context": null,
              "code": "cy.get('[data-cy=\"categoria-filter\"]').as('cat');\ncy.get('@cat').click();\ncy.contains('.react-select__option', 'Concierto').click();\ncy.wait('@getEvents');\ncy.get('.event-card').each($card => {\n  cy.wrap($card).find('.event-category').should('contain.text', 'Concierto');\n});",
              "err": {
                "message": "AssertionError: Timed out retrying after 10000ms: Expected to find element: `[data-cy=\"categoria-filter\"]`, but never found it.",
                "estack": "AssertionError: Timed out retrying after 10000ms: Expected to find element: `[data-cy=\"categoria-filter\"]`, but never found it.\n    at Context.eval (webpack://grupo1_ticketazo/./cypress/e2e/home.spec.cy.js:40:7)",
                "diff": null
              },
              "uuid": "7908b289-c551-423f-a683-0f275af2b5a7",
              "parentUUID": "ed674b5f-3d36-4a5d-a374-bf1f4a6fc796",
              "isHook": false,
              "skipped": false
            },
            {
              "title": "TC-HOME-04 | Filtro por Fecha",
              "fullTitle": "HOME – Ticketazo TC-HOME-04 | Filtro por Fecha",
              "timedOut": null,
              "duration": 10941,
              "state": "failed",
              "speed": null,
              "pass": false,
              "fail": true,
              "pending": false,
              "context": null,
              "code": "cy.get('input[placeholder=\"dd/mm/aaaa\"]').first().clear().type('01/06/2025');\ncy.get('input[placeholder=\"dd/mm/aaaa\"]').eq(1).clear().type('30/06/2025{enter}');\ncy.wait('@getEvents');\ncy.get('.event-card').should('have.length.at.least', 1);\n// opcional: validar que cada fecha esté en rango",
              "err": {
                "message": "AssertionError: Timed out retrying after 10000ms: Expected to find element: `input[placeholder=\"dd/mm/aaaa\"]`, but never found it.",
                "estack": "AssertionError: Timed out retrying after 10000ms: Expected to find element: `input[placeholder=\"dd/mm/aaaa\"]`, but never found it.\n    at Context.eval (webpack://grupo1_ticketazo/./cypress/e2e/home.spec.cy.js:51:7)",
                "diff": null
              },
              "uuid": "b6788189-e455-4414-8b88-2c81d27d5ac8",
              "parentUUID": "ed674b5f-3d36-4a5d-a374-bf1f4a6fc796",
              "isHook": false,
              "skipped": false
            },
            {
              "title": "TC-HOME-05 | Filtro por Provincia",
              "fullTitle": "HOME – Ticketazo TC-HOME-05 | Filtro por Provincia",
              "timedOut": null,
              "duration": 10595,
              "state": "failed",
              "speed": null,
              "pass": false,
              "fail": true,
              "pending": false,
              "context": null,
              "code": "cy.get('[data-cy=\"provincia-filter\"]').as('prov');\ncy.get('@prov').select('Córdoba');\ncy.wait('@getEvents');\ncy.get('.event-card').each($card => {\n  cy.wrap($card).find('.event-province').should('contain.text', 'Córdoba');\n});",
              "err": {
                "message": "AssertionError: Timed out retrying after 10000ms: Expected to find element: `[data-cy=\"provincia-filter\"]`, but never found it.",
                "estack": "AssertionError: Timed out retrying after 10000ms: Expected to find element: `[data-cy=\"provincia-filter\"]`, but never found it.\n    at Context.eval (webpack://grupo1_ticketazo/./cypress/e2e/home.spec.cy.js:61:7)",
                "diff": null
              },
              "uuid": "597f693b-4cca-4061-9a18-3a124bf361de",
              "parentUUID": "ed674b5f-3d36-4a5d-a374-bf1f4a6fc796",
              "isHook": false,
              "skipped": false
            },
            {
              "title": "TC-HOME-06 | Limpiar filtros restaura estado inicial",
              "fullTitle": "HOME – Ticketazo TC-HOME-06 | Limpiar filtros restaura estado inicial",
              "timedOut": null,
              "duration": 11295,
              "state": "failed",
              "speed": null,
              "pass": false,
              "fail": true,
              "pending": false,
              "context": null,
              "code": "// aplica un filtro cualquiera\ncy.get('input[placeholder*=\"Busca tu próxima\"]').type('algo{enter}');\ncy.get('[data-cy=\"categoria-filter\"]').click();\ncy.contains('.react-select__option', 'Teatro').click();\ncy.wait('@getEvents');\n// limpia\ncy.contains('button', 'Limpiar filtros').click();\ncy.wait('@getEvents');\n// validaciones\ncy.get('input[placeholder*=\"Busca tu próxima\"]').should('have.value', '');\ncy.get('input[placeholder=\"dd/mm/aaaa\"]').each($i => {\n  cy.wrap($i).should('have.value', '');\n});\ncy.get('[data-cy=\"categoria-filter\"]').should('contain.text', 'Todas');\ncy.get('[data-cy=\"provincia-filter\"]').should('contain.text', 'Todas');\ncy.get('.event-card').should('have.length.greaterThan', 1);",
              "err": {
                "message": "AssertionError: Timed out retrying after 10000ms: Expected to find element: `[data-cy=\"categoria-filter\"]`, but never found it.",
                "estack": "AssertionError: Timed out retrying after 10000ms: Expected to find element: `[data-cy=\"categoria-filter\"]`, but never found it.\n    at Context.eval (webpack://grupo1_ticketazo/./cypress/e2e/home.spec.cy.js:73:7)",
                "diff": null
              },
              "uuid": "403c5318-83d4-40d1-90ca-844ed7709b40",
              "parentUUID": "ed674b5f-3d36-4a5d-a374-bf1f4a6fc796",
              "isHook": false,
              "skipped": false
            },
            {
              "title": "TC-HOME-07 | Navegar a detalle y ver sección de compra y similares",
              "fullTitle": "HOME – Ticketazo TC-HOME-07 | Navegar a detalle y ver sección de compra y similares",
              "timedOut": null,
              "duration": 10876,
              "state": "failed",
              "speed": null,
              "pass": false,
              "fail": true,
              "pending": false,
              "context": null,
              "code": "cy.get('.event-card').first().within(() => {\n  cy.contains('Ver evento').click();\n});\ncy.url().should('include', '/event/');\ncy.contains('button', /Comprar entrada/i).should('be.visible');\ncy.contains('Eventos similares').should('be.visible');",
              "err": {
                "message": "AssertionError: Timed out retrying after 10000ms: Expected to find element: `.event-card`, but never found it.",
                "estack": "AssertionError: Timed out retrying after 10000ms: Expected to find element: `.event-card`, but never found it.\n    at Context.eval (webpack://grupo1_ticketazo/./cypress/e2e/home.spec.cy.js:93:7)",
                "diff": null
              },
              "uuid": "68d4c3a3-512e-4fdd-a146-13a974da24cb",
              "parentUUID": "ed674b5f-3d36-4a5d-a374-bf1f4a6fc796",
              "isHook": false,
              "skipped": false
            }
          ],
          "suites": [],
          "passes": [],
          "failures": [
            "ea66abb1-9b26-4426-a5f3-b5bec0dc0176",
            "a949ddad-b1ea-4bf2-b6ee-4f4ccb33f7b4",
            "7908b289-c551-423f-a683-0f275af2b5a7",
            "b6788189-e455-4414-8b88-2c81d27d5ac8",
            "597f693b-4cca-4061-9a18-3a124bf361de",
            "403c5318-83d4-40d1-90ca-844ed7709b40",
            "68d4c3a3-512e-4fdd-a146-13a974da24cb"
          ],
          "pending": [],
          "skipped": [],
          "duration": 67848,
          "root": false,
          "rootEmpty": false,
          "_timeout": 2000
        }
      ],
      "passes": [],
      "failures": [],
      "pending": [],
      "skipped": [],
      "duration": 0,
      "root": true,
      "rootEmpty": true,
      "_timeout": 2000
    }
  ],
  "meta": {
    "mocha": {
      "version": "7.2.0"
    },
    "mochawesome": {
      "options": {
        "quiet": false,
        "reportFilename": "mochawesome",
        "saveHtml": true,
        "saveJson": true,
        "consoleReporter": "spec",
        "useInlineDiffs": false,
        "code": true
      },
      "version": "6.3.1"
    },
    "marge": {
      "options": {
        "reportDir": "cypress/reports",
        "overwrite": false,
        "html": true,
        "json": true
      },
      "version": "5.2.0"
    }
  }
}